C:\Users\Win7\documents\visual studio 2010\Projects\Space Shooter\Space Shooter\Debug\cl.command.1.tlog
C:\Users\Win7\documents\visual studio 2010\Projects\Space Shooter\Space Shooter\Debug\CL.read.1.tlog
C:\Users\Win7\documents\visual studio 2010\Projects\Space Shooter\Space Shooter\Debug\CL.write.1.tlog
C:\USERS\WIN7\DOCUMENTS\VISUAL STUDIO 2010\PROJECTS\SPACE SHOOTER\SPACE SHOOTER\DEBUG\ENEMY.OBJ
C:\USERS\WIN7\DOCUMENTS\VISUAL STUDIO 2010\PROJECTS\SPACE SHOOTER\SPACE SHOOTER\DEBUG\GAME.OBJ
C:\USERS\WIN7\DOCUMENTS\VISUAL STUDIO 2010\PROJECTS\SPACE SHOOTER\SPACE SHOOTER\DEBUG\GAMEOBJECT.OBJ
C:\Users\Win7\documents\visual studio 2010\Projects\Space Shooter\Space Shooter\Debug\link.command.1.tlog
C:\Users\Win7\documents\visual studio 2010\Projects\Space Shooter\Space Shooter\Debug\link.read.1.tlog
C:\Users\Win7\documents\visual studio 2010\Projects\Space Shooter\Space Shooter\Debug\link.write.1.tlog
C:\USERS\WIN7\DOCUMENTS\VISUAL STUDIO 2010\PROJECTS\SPACE SHOOTER\SPACE SHOOTER\DEBUG\MAIN.OBJ
C:\USERS\WIN7\DOCUMENTS\VISUAL STUDIO 2010\PROJECTS\SPACE SHOOTER\SPACE SHOOTER\DEBUG\PLAYER.OBJ
C:\USERS\WIN7\DOCUMENTS\VISUAL STUDIO 2010\PROJECTS\SPACE SHOOTER\SPACE SHOOTER\DEBUG\POWERUP.OBJ
C:\USERS\WIN7\DOCUMENTS\VISUAL STUDIO 2010\PROJECTS\SPACE SHOOTER\SPACE SHOOTER\DEBUG\PROJECTILE.OBJ
C:\Users\Win7\documents\visual studio 2010\Projects\Space Shooter\Space Shooter\Debug\rc.command.1.tlog
C:\Users\Win7\documents\visual studio 2010\Projects\Space Shooter\Space Shooter\Debug\rc.read.1.tlog
C:\Users\Win7\documents\visual studio 2010\Projects\Space Shooter\Space Shooter\Debug\rc.write.1.tlog
C:\USERS\WIN7\DOCUMENTS\VISUAL STUDIO 2010\PROJECTS\SPACE SHOOTER\SPACE SHOOTER\DEBUG\SONYA.RES
C:\USERS\WIN7\DOCUMENTS\VISUAL STUDIO 2010\PROJECTS\SPACE SHOOTER\SPACE SHOOTER\DEBUG\SOUND.OBJ
C:\USERS\WIN7\DOCUMENTS\VISUAL STUDIO 2010\PROJECTS\SPACE SHOOTER\SPACE SHOOTER\DEBUG\SOUNDEFFECT.OBJ
C:\Users\Win7\documents\visual studio 2010\Projects\Space Shooter\Space Shooter\Debug\Space Shooter.write.1.tlog
C:\USERS\WIN7\DOCUMENTS\VISUAL STUDIO 2010\PROJECTS\SPACE SHOOTER\SPACE SHOOTER\DEBUG\SPRITEMANAGER.OBJ
C:\USERS\WIN7\DOCUMENTS\VISUAL STUDIO 2010\PROJECTS\SPACE SHOOTER\SPACE SHOOTER\DEBUG\STATE_GAMEOVER.OBJ
C:\USERS\WIN7\DOCUMENTS\VISUAL STUDIO 2010\PROJECTS\SPACE SHOOTER\SPACE SHOOTER\DEBUG\STATE_GAMEPLAY.OBJ
C:\USERS\WIN7\DOCUMENTS\VISUAL STUDIO 2010\PROJECTS\SPACE SHOOTER\SPACE SHOOTER\DEBUG\STATE_MENU.OBJ
C:\USERS\WIN7\DOCUMENTS\VISUAL STUDIO 2010\PROJECTS\SPACE SHOOTER\SPACE SHOOTER\DEBUG\UNIT.OBJ
C:\Users\Win7\documents\visual studio 2010\Projects\Space Shooter\Space Shooter\Debug\vc100.idb
C:\USERS\WIN7\DOCUMENTS\VISUAL STUDIO 2010\PROJECTS\SPACE SHOOTER\SPACE SHOOTER\DEBUG\VC100.PDB
