Build started 5/23/2015 5:25:47 PM.
     1>Project "C:\Users\Win7\documents\visual studio 2010\Projects\Space Shooter\Space Shooter\Space Shooter.vcxproj" on node 2 (build target(s)).
     1>InitializeBuildStatus:
         Touching "Debug\Space Shooter.unsuccessfulbuild".
       ClCompile:
         All outputs are up-to-date.
       Link:
         C:\Program Files\Microsoft Visual Studio 10.0\VC\bin\link.exe /ERRORREPORT:PROMPT /OUT:"C:\Users\Win7\documents\visual studio 2010\Projects\Space Shooter\Debug\Space Shooter.exe" /INCREMENTAL:NO /NOLOGO SDL2.lib SDL2main.lib SDL2_image.lib SDL2_mixer.lib SDL2_ttf.lib kernel32.lib user32.lib gdi32.lib winspool.lib comdlg32.lib advapi32.lib shell32.lib ole32.lib oleaut32.lib uuid.lib odbc32.lib odbccp32.lib /MANIFEST /ManifestFile:"Debug\Space Shooter.exe.intermediate.manifest" /MANIFESTUAC:"level='asInvoker' uiAccess='false'" /DEBUG /PDB:"C:\Users\Win7\documents\visual studio 2010\Projects\Space Shooter\Debug\Space Shooter.pdb" /SUBSYSTEM:WINDOWS /TLBID:1 /DYNAMICBASE /NXCOMPAT /IMPLIB:"C:\Users\Win7\documents\visual studio 2010\Projects\Space Shooter\Debug\Space Shooter.lib" /MACHINE:X86 Debug\enemy.obj
         Debug\game.obj
         Debug\gameobject.obj
         Debug\main.obj
         Debug\player.obj
         Debug\powerup.obj
         Debug\projectile.obj
         Debug\sound.obj
         Debug\soundeffect.obj
         Debug\spritemanager.obj
         Debug\state_gameover.obj
         Debug\state_gameplay.obj
         Debug\state_menu.obj
         Debug\unit.obj
     1>enemy.obj : warning LNK4075: ignoring '/EDITANDCONTINUE' due to '/INCREMENTAL:NO' specification
     1>MSVCRTD.lib(cinitexe.obj) : warning LNK4098: defaultlib 'msvcrt.lib' conflicts with use of other libs; use /NODEFAULTLIB:library
         Space Shooter.vcxproj -> C:\Users\Win7\documents\visual studio 2010\Projects\Space Shooter\Debug\Space Shooter.exe
       Manifest:
         C:\Program Files\Microsoft SDKs\Windows\v7.0A\bin\mt.exe /nologo /verbose /outputresource:"C:\Users\Win7\documents\visual studio 2010\Projects\Space Shooter\Debug\Space Shooter.exe;#1" /manifest "Debug\Space Shooter.exe.intermediate.manifest"
       FinalizeBuildStatus:
         Deleting file "Debug\Space Shooter.unsuccessfulbuild".
         Touching "Debug\Space Shooter.lastbuildstate".
     1>Done Building Project "C:\Users\Win7\documents\visual studio 2010\Projects\Space Shooter\Space Shooter\Space Shooter.vcxproj" (build target(s)).

Build succeeded.

Time Elapsed 00:00:01.20
