C:\USERS\WIN7\DOCUMENTS\VISUAL STUDIO 2010\PROJECTS\SPACE SHOOTER\RELEASE\SPACE SHOOTER.EXE
C:\USERS\WIN7\DOCUMENTS\VISUAL STUDIO 2010\PROJECTS\SPACE SHOOTER\RELEASE\SPACE SHOOTER.PDB
C:\Users\Win7\Documents\Visual Studio 2010\Projects\Space Shooter\Space Shooter\Release\cl.command.1.tlog
C:\Users\Win7\Documents\Visual Studio 2010\Projects\Space Shooter\Space Shooter\Release\CL.read.1.tlog
C:\Users\Win7\Documents\Visual Studio 2010\Projects\Space Shooter\Space Shooter\Release\CL.write.1.tlog
C:\USERS\WIN7\DOCUMENTS\VISUAL STUDIO 2010\PROJECTS\SPACE SHOOTER\SPACE SHOOTER\RELEASE\ENEMY.OBJ
C:\USERS\WIN7\DOCUMENTS\VISUAL STUDIO 2010\PROJECTS\SPACE SHOOTER\SPACE SHOOTER\RELEASE\GAME.OBJ
C:\USERS\WIN7\DOCUMENTS\VISUAL STUDIO 2010\PROJECTS\SPACE SHOOTER\SPACE SHOOTER\RELEASE\GAMEOBJECT.OBJ
C:\Users\Win7\Documents\Visual Studio 2010\Projects\Space Shooter\Space Shooter\Release\link.command.1.tlog
C:\Users\Win7\Documents\Visual Studio 2010\Projects\Space Shooter\Space Shooter\Release\link.read.1.tlog
C:\Users\Win7\Documents\Visual Studio 2010\Projects\Space Shooter\Space Shooter\Release\link.write.1.tlog
C:\Users\Win7\Documents\Visual Studio 2010\Projects\Space Shooter\Space Shooter\Release\link-cvtres.read.1.tlog
C:\Users\Win7\Documents\Visual Studio 2010\Projects\Space Shooter\Space Shooter\Release\link-cvtres.write.1.tlog
C:\USERS\WIN7\DOCUMENTS\VISUAL STUDIO 2010\PROJECTS\SPACE SHOOTER\SPACE SHOOTER\RELEASE\MAIN.OBJ
C:\Users\Win7\Documents\Visual Studio 2010\Projects\Space Shooter\Space Shooter\Release\mt.command.1.tlog
C:\Users\Win7\Documents\Visual Studio 2010\Projects\Space Shooter\Space Shooter\Release\mt.read.1.tlog
C:\Users\Win7\Documents\Visual Studio 2010\Projects\Space Shooter\Space Shooter\Release\mt.write.1.tlog
C:\USERS\WIN7\DOCUMENTS\VISUAL STUDIO 2010\PROJECTS\SPACE SHOOTER\SPACE SHOOTER\RELEASE\PLAYER.OBJ
C:\USERS\WIN7\DOCUMENTS\VISUAL STUDIO 2010\PROJECTS\SPACE SHOOTER\SPACE SHOOTER\RELEASE\POWERUP.OBJ
C:\USERS\WIN7\DOCUMENTS\VISUAL STUDIO 2010\PROJECTS\SPACE SHOOTER\SPACE SHOOTER\RELEASE\PROJECTILE.OBJ
C:\Users\Win7\Documents\Visual Studio 2010\Projects\Space Shooter\Space Shooter\Release\rc.command.1.tlog
C:\Users\Win7\Documents\Visual Studio 2010\Projects\Space Shooter\Space Shooter\Release\rc.read.1.tlog
C:\Users\Win7\Documents\Visual Studio 2010\Projects\Space Shooter\Space Shooter\Release\rc.write.1.tlog
C:\USERS\WIN7\DOCUMENTS\VISUAL STUDIO 2010\PROJECTS\SPACE SHOOTER\SPACE SHOOTER\RELEASE\SOUND.OBJ
C:\USERS\WIN7\DOCUMENTS\VISUAL STUDIO 2010\PROJECTS\SPACE SHOOTER\SPACE SHOOTER\RELEASE\SOUNDEFFECT.OBJ
C:\USERS\WIN7\DOCUMENTS\VISUAL STUDIO 2010\PROJECTS\SPACE SHOOTER\SPACE SHOOTER\RELEASE\SPACE SHOOTER.EXE.INTERMEDIATE.MANIFEST
C:\Users\Win7\Documents\Visual Studio 2010\Projects\Space Shooter\Space Shooter\Release\Space Shooter.vcxprojResolveAssemblyReference.cache
C:\Users\Win7\Documents\Visual Studio 2010\Projects\Space Shooter\Space Shooter\Release\Space Shooter.write.1.tlog
C:\USERS\WIN7\DOCUMENTS\VISUAL STUDIO 2010\PROJECTS\SPACE SHOOTER\SPACE SHOOTER\RELEASE\SPACE.RES
C:\USERS\WIN7\DOCUMENTS\VISUAL STUDIO 2010\PROJECTS\SPACE SHOOTER\SPACE SHOOTER\RELEASE\SPRITEMANAGER.OBJ
C:\USERS\WIN7\DOCUMENTS\VISUAL STUDIO 2010\PROJECTS\SPACE SHOOTER\SPACE SHOOTER\RELEASE\STATE_GAMEOVER.OBJ
C:\USERS\WIN7\DOCUMENTS\VISUAL STUDIO 2010\PROJECTS\SPACE SHOOTER\SPACE SHOOTER\RELEASE\STATE_GAMEPLAY.OBJ
C:\USERS\WIN7\DOCUMENTS\VISUAL STUDIO 2010\PROJECTS\SPACE SHOOTER\SPACE SHOOTER\RELEASE\STATE_MENU.OBJ
C:\USERS\WIN7\DOCUMENTS\VISUAL STUDIO 2010\PROJECTS\SPACE SHOOTER\SPACE SHOOTER\RELEASE\UNIT.OBJ
C:\USERS\WIN7\DOCUMENTS\VISUAL STUDIO 2010\PROJECTS\SPACE SHOOTER\SPACE SHOOTER\RELEASE\VC100.PDB
