Build started 8/24/2015 9:10:39 PM.
     1>Project "C:\Users\Win7\Documents\Visual Studio 2010\Projects\Space Shooter\Space Shooter\Space Shooter.vcxproj" on node 2 (build target(s)).
     1>InitializeBuildStatus:
         Creating "Release\Space Shooter.unsuccessfulbuild" because "AlwaysCreate" was specified.
       ClCompile:
         C:\Program Files\Microsoft Visual Studio 10.0\VC\bin\CL.exe /c /Zi /nologo /W3 /WX- /O2 /Oi /Oy- /GL /D WIN32 /D NDEBUG /D _CONSOLE /D _UNICODE /D UNICODE /Gm- /EHsc /MD /GS /Gy /fp:precise /Zc:wchar_t /Zc:forScope /Fo"Release\\" /Fd"Release\vc100.pdb" /Gd /TP /analyze- /errorReport:prompt state_gameplay.cpp
         state_gameplay.cpp
     1>state_gameplay.cpp(40): warning C4244: 'argument' : conversion from 'time_t' to 'unsigned int', possible loss of data
     1>state_gameplay.cpp(62): warning C4996: 'sprintf': This function or variable may be unsafe. Consider using sprintf_s instead. To disable deprecation, use _CRT_SECURE_NO_WARNINGS. See online help for details.
                 C:\Program Files\Microsoft Visual Studio 10.0\VC\include\stdio.h(371) : see declaration of 'sprintf'
       ResourceCompile:
         All outputs are up-to-date.
       Link:
         C:\Program Files\Microsoft Visual Studio 10.0\VC\bin\link.exe /ERRORREPORT:PROMPT /OUT:"C:\Users\Win7\Documents\Visual Studio 2010\Projects\Space Shooter\Release\Space Shooter.exe" /INCREMENTAL:NO /NOLOGO SDL2.lib SDL2main.lib SDL2_image.lib SDL2_mixer.lib SDL2_ttf.lib kernel32.lib user32.lib gdi32.lib winspool.lib comdlg32.lib advapi32.lib shell32.lib ole32.lib oleaut32.lib uuid.lib odbc32.lib odbccp32.lib /MANIFEST /ManifestFile:"Release\Space Shooter.exe.intermediate.manifest" /MANIFESTUAC:"level='asInvoker' uiAccess='false'" /DEBUG /PDB:"C:\Users\Win7\Documents\Visual Studio 2010\Projects\Space Shooter\Release\Space Shooter.pdb" /SUBSYSTEM:WINDOWS /OPT:REF /OPT:ICF /LTCG /TLBID:1 /DYNAMICBASE /NXCOMPAT /IMPLIB:"C:\Users\Win7\Documents\Visual Studio 2010\Projects\Space Shooter\Release\Space Shooter.lib" /MACHINE:X86 Release\space.res
         Release\enemy.obj
         Release\game.obj
         Release\gameobject.obj
         Release\main.obj
         Release\player.obj
         Release\powerup.obj
         Release\projectile.obj
         Release\sound.obj
         Release\soundeffect.obj
         Release\spritemanager.obj
         Release\state_gameover.obj
         Release\state_gameplay.obj
         Release\state_menu.obj
         Release\state_menutwo.obj
         Release\unit.obj
         Generating code
         Finished generating code
         Space Shooter.vcxproj -> C:\Users\Win7\Documents\Visual Studio 2010\Projects\Space Shooter\Release\Space Shooter.exe
       Manifest:
         C:\Program Files\Microsoft SDKs\Windows\v7.0A\bin\mt.exe /nologo /verbose /outputresource:"C:\Users\Win7\Documents\Visual Studio 2010\Projects\Space Shooter\Release\Space Shooter.exe;#1" /manifest "Release\Space Shooter.exe.intermediate.manifest"
       FinalizeBuildStatus:
         Deleting file "Release\Space Shooter.unsuccessfulbuild".
         Touching "Release\Space Shooter.lastbuildstate".
     1>Done Building Project "C:\Users\Win7\Documents\Visual Studio 2010\Projects\Space Shooter\Space Shooter\Space Shooter.vcxproj" (build target(s)).

Build succeeded.

Time Elapsed 00:00:04.45
